<?xml version="1.0" encoding="UTF-8"?>
<!-- Generated by org.testng.reporters.JUnitReportReporter -->
<testsuite hostname="Faizan-PC" failures="0" tests="1" name="pageObjectstestCases.LoginTest" time="4.434" errors="0" timestamp="2025-04-29T19:53:00 IST" skipped="0">
  <testcase classname="pageObjectstestCases.LoginTest" name="LoggingInWithValidDetails" time="4.434"/>
  <system-out/>
</testsuite> <!-- pageObjectstestCases.LoginTest -->
