<?xml version="1.0" encoding="UTF-8"?>
<!-- Generated by org.testng.reporters.JUnitReportReporter -->
<testsuite hostname="Faizan-PC" failures="0" tests="7" name="pageObjectstestCases.LoginTest" time="25.485" errors="0" timestamp="2025-05-20T16:00:18 IST" skipped="0">
  <testcase classname="pageObjectstestCases.LoginTest" name="ForgotPageValidation" time="7.576"/>
  <system-out/>
  <testcase classname="pageObjectstestCases.LoginTest" name="LoggingInWithInValidDetails" time="3.822"/>
  <system-out/>
  <testcase classname="pageObjectstestCases.LoginTest" name="LoggingInWithValidDetails" time="3.821"/>
  <system-out/>
  <testcase classname="pageObjectstestCases.LoginTest" name="LogingInWithInvalidPassword" time="2.638"/>
  <system-out/>
  <testcase classname="pageObjectstestCases.LoginTest" name="ValidatingEmailPlaceHolderTxt" time="2.088"/>
  <system-out/>
  <testcase classname="pageObjectstestCases.LoginTest" name="LoggingInWithoutCreds" time="2.767"/>
  <system-out/>
  <testcase classname="pageObjectstestCases.LoginTest" name="LoginingInWithInvalidEmail" time="2.773"/>
  <system-out/>
</testsuite> <!-- pageObjectstestCases.LoginTest -->
