<?xml version="1.0" encoding="UTF-8"?>
<!-- Generated by org.testng.reporters.JUnitReportReporter -->
<testsuite hostname="Faizan-PC" failures="0" tests="4" name="pageObjectstestCases.RegistrationTest" time="12.778" errors="0" timestamp="2025-04-22T21:21:41 IST" skipped="0">
  <testcase classname="pageObjectstestCases.RegistrationTest" name="ShouldNotRegisterWithKeyboardKeysPassword" time="3.436"/>
  <system-out/>
  <testcase classname="pageObjectstestCases.RegistrationTest" name="ShouldNotRegisterWithKeyboardKeysEmail" time="2.914"/>
  <system-out/>
  <testcase classname="pageObjectstestCases.RegistrationTest" name="ShouldNotRegisterWithKeyboardKeysLname" time="3.271"/>
  <system-out/>
  <testcase classname="pageObjectstestCases.RegistrationTest" name="ShouldNotRegisterWithKeyboardKeys" time="3.157"/>
  <system-out/>
</testsuite> <!-- pageObjectstestCases.RegistrationTest -->
