<?xml version="1.0" encoding="UTF-8"?>
<!-- Generated by org.testng.reporters.JUnitReportReporter -->
<testsuite hostname="Faizan-PC" failures="0" tests="1" name="pageObjectstestCases.loginwithwithValidEmail" time="4.157" errors="0" timestamp="2025-03-26T22:57:55 IST" skipped="0">
  <testcase classname="pageObjectstestCases.loginwithwithValidEmail" name="verifylogin" time="4.157"/>
  <system-out/>
</testsuite> <!-- pageObjectstestCases.loginwithwithValidEmail -->
