<?xml version="1.0" encoding="UTF-8"?>
<!-- Generated by org.testng.reporters.JUnitReportReporter -->
<testsuite hostname="Faizan-PC" failures="0" tests="1" name="pageObjectstestCases.LoginTest" time="3.367" errors="0" timestamp="2025-05-08T16:50:07 IST" skipped="0">
  <testcase classname="pageObjectstestCases.LoginTest" name="LoggingInWithoutCreds" time="3.367"/>
  <system-out/>
</testsuite> <!-- pageObjectstestCases.LoginTest -->
