<?xml version="1.0" encoding="UTF-8"?>
<!-- Generated by org.testng.reporters.JUnitReportReporter -->
<testsuite hostname="Faizan-PC" failures="0" tests="1" name="pageObjectstestCases.LoginTest" time="5.790" errors="0" timestamp="2025-04-30T11:46:47 IST" skipped="0">
  <testcase classname="pageObjectstestCases.LoginTest" name="LoggingInWithInValidDetails" time="5.790"/>
  <system-out/>
</testsuite> <!-- pageObjectstestCases.LoginTest -->
