<?xml version="1.0" encoding="UTF-8"?>
<!-- Generated by org.testng.reporters.JUnitReportReporter -->
<testsuite hostname="Faizan-PC" failures="0" tests="1" name="pageObjectstestCases.NewsletterOptionYes" time="1.467" errors="0" timestamp="2025-03-24T15:13:50 IST" skipped="0">
  <testcase classname="pageObjectstestCases.NewsletterOptionYes" name="AccountRegisterwithNewsletter" time="1.467"/>
  <system-out/>
</testsuite> <!-- pageObjectstestCases.NewsletterOptionYes -->
