<?xml version="1.0" encoding="UTF-8"?>
<!-- Generated by org.testng.reporters.JUnitReportReporter -->
<testsuite hostname="Faizan-PC" failures="0" tests="1" name="pageObjectstestCases.LoginTest" time="8.201" errors="0" timestamp="2025-05-09T22:28:37 IST" skipped="0">
  <testcase classname="pageObjectstestCases.LoginTest" name="ForgotPageValidation" time="8.201"/>
  <system-out/>
</testsuite> <!-- pageObjectstestCases.LoginTest -->
