<?xml version="1.0" encoding="UTF-8"?>
<!-- Generated by org.testng.reporters.JUnitReportReporter -->
<testsuite hostname="Faizan-PC" failures="0" tests="1" name="pageObjectstestCases.TC002LoginTest" time="0.580" errors="0" timestamp="2025-03-17T10:57:55 IST" skipped="0">
  <testcase classname="pageObjectstestCases.TC002LoginTest" name="verifylogin" time="0.580"/>
  <system-out/>
</testsuite> <!-- pageObjectstestCases.TC002LoginTest -->
