<?xml version="1.0" encoding="UTF-8"?>
<!-- Generated by org.testng.reporters.JUnitReportReporter -->
<testsuite hostname="Faizan-PC" failures="0" tests="1" name="pageObjectstestCases.loginwithInvalidEmail" time="0.915" errors="0" timestamp="2025-03-26T22:57:55 IST" skipped="0">
  <testcase classname="pageObjectstestCases.loginwithInvalidEmail" name="inValidEmail" time="0.915"/>
  <system-out/>
</testsuite> <!-- pageObjectstestCases.loginwithInvalidEmail -->
