<?xml version="1.0" encoding="UTF-8"?>
<!-- Generated by org.testng.reporters.JUnitReportReporter -->
<testsuite hostname="Faizan-PC" failures="0" tests="1" name="pageObjectstestCases.TC001AccountRegistrationByProvidingAllFields" time="1.440" errors="0" timestamp="2025-03-16T16:10:05 IST" skipped="0">
  <testcase classname="pageObjectstestCases.TC001AccountRegistrationByProvidingAllFields" name="navigateToRegistration" time="1.440"/>
  <system-out/>
</testsuite> <!-- pageObjectstestCases.TC001AccountRegistrationByProvidingAllFields -->
