<?xml version="1.0" encoding="UTF-8"?>
<!-- Generated by org.testng.reporters.JUnitReportReporter -->
<testsuite hostname="Faizan-PC" failures="0" tests="7" name="pageObjectstestCases.LoginTest" time="29.866" errors="0" timestamp="2025-05-22T16:54:20 IST" skipped="0">
  <testcase classname="pageObjectstestCases.LoginTest" name="LoggingInWithValidDetails" time="4.564"/>
  <system-out/>
  <testcase classname="pageObjectstestCases.LoginTest" name="LoggingInWithInValidDetails" time="3.029"/>
  <system-out/>
  <testcase classname="pageObjectstestCases.LoginTest" name="LoginingInWithInvalidEmail" time="3.499"/>
  <system-out/>
  <testcase classname="pageObjectstestCases.LoginTest" name="LogingInWithInvalidPassword" time="3.124"/>
  <system-out/>
  <testcase classname="pageObjectstestCases.LoginTest" name="LoggingInWithoutCreds" time="2.970"/>
  <system-out/>
  <testcase classname="pageObjectstestCases.LoginTest" name="ForgotPageValidation" time="9.707"/>
  <system-out/>
  <testcase classname="pageObjectstestCases.LoginTest" name="ValidatingEmailPlaceHolderTxt" time="2.973"/>
  <system-out/>
</testsuite> <!-- pageObjectstestCases.LoginTest -->
