<?xml version="1.0" encoding="UTF-8"?>
<!-- Generated by org.testng.reporters.JUnitReportReporter -->
<testsuite hostname="Faizan-PC" failures="0" tests="1" name="pageObjectstestCases.LoginTest" time="2.602" errors="0" timestamp="2025-05-13T14:45:40 IST" skipped="0">
  <testcase classname="pageObjectstestCases.LoginTest" name="ValidatingEmailPlaceHolderTxt" time="2.602"/>
  <system-out/>
</testsuite> <!-- pageObjectstestCases.LoginTest -->
