<?xml version="1.0" encoding="UTF-8"?>
<!-- Generated by org.testng.reporters.JUnitReportReporter -->
<testsuite hostname="Faizan-PC" failures="0" tests="1" name="pageObjectstestCases.SearchBoxTest" time="7.569" errors="0" timestamp="2025-07-05T05:00:21 IST" skipped="0">
  <testcase classname="pageObjectstestCases.SearchBoxTest" name="ValidatingSearchBoxResults" time="7.569"/>
  <system-out/>
</testsuite> <!-- pageObjectstestCases.SearchBoxTest -->
