<?xml version="1.0" encoding="UTF-8"?>
<!-- Generated by org.testng.reporters.JUnitReportReporter -->
<testsuite hostname="Faizan-PC" failures="0" tests="2" name="pageObjectstestCases.LogoutTest" time="8.799" errors="0" timestamp="2025-07-02T18:24:31 IST" skipped="0">
  <testcase classname="pageObjectstestCases.LogoutTest" name="ValidatingLogoutBtnOfMyAccountPage" time="4.654"/>
  <system-out/>
  <testcase classname="pageObjectstestCases.LogoutTest" name="ValidatingLogoutByMyAccountDropDown" time="4.145"/>
  <system-out/>
</testsuite> <!-- pageObjectstestCases.LogoutTest -->
