<?xml version="1.0" encoding="UTF-8"?>
<!-- Generated by org.testng.reporters.JUnitReportReporter -->
<testsuite hostname="Faizan-PC" failures="0" tests="1" name="pageObjectstestCases.TC001AccountRegistrationTest" time="6.383" errors="0" timestamp="2025-03-12T15:29:36 IST" skipped="0">
  <testcase classname="pageObjectstestCases.TC001AccountRegistrationTest" name="navigateToRegistration" time="6.383"/>
  <system-out/>
</testsuite> <!-- pageObjectstestCases.TC001AccountRegistrationTest -->
